<?xml version="1.0" encoding="UTF-8"?>
<testng-results skipped="0" failed="0" ignored="0" total="1" passed="1">
  <reporter-output>
  </reporter-output>
  <suite name="Suite" duration-ms="14512" started-at="2019-07-29T07:20:46Z" finished-at="2019-07-29T07:21:01Z">
    <groups>
    </groups>
    <test name="Test" duration-ms="14512" started-at="2019-07-29T07:20:46Z" finished-at="2019-07-29T07:21:01Z">
      <class name="gradleSelenium.GradleDemoTest">
        <test-method status="PASS" signature="testingGradle()[pri:0, instance:gradleSelenium.GradleDemoTest@23f52f88]" name="testingGradle" duration-ms="14482" started-at="2019-07-29T12:50:46Z" finished-at="2019-07-29T12:51:01Z">
          <reporter-output>
          </reporter-output>
        </test-method> <!-- testingGradle -->
      </class> <!-- gradleSelenium.GradleDemoTest -->
    </test> <!-- Test -->
  </suite> <!-- Suite -->
</testng-results>
