<?xml version="1.0" encoding="UTF-8"?>
<testng-results skipped="0" failed="0" ignored="0" total="1" passed="1">
  <reporter-output>
  </reporter-output>
  <suite name="Suite" duration-ms="11698" started-at="2019-07-29T07:05:51Z" finished-at="2019-07-29T07:06:03Z">
    <groups>
    </groups>
    <test name="Test" duration-ms="11698" started-at="2019-07-29T07:05:51Z" finished-at="2019-07-29T07:06:03Z">
      <class name="gradleSelenium.GradleDemoTest">
        <test-method status="PASS" signature="testingGradle()[pri:0, instance:gradleSelenium.GradleDemoTest@1593948d]" name="testingGradle" duration-ms="11655" started-at="2019-07-29T12:35:51Z" finished-at="2019-07-29T12:36:03Z">
          <reporter-output>
          </reporter-output>
        </test-method> <!-- testingGradle -->
      </class> <!-- gradleSelenium.GradleDemoTest -->
    </test> <!-- Test -->
  </suite> <!-- Suite -->
</testng-results>
